lerna(info)    Lerna v2.0.0-beta.28
lerna(info)    Independent Versioning Mode
lerna(debug)   Attempting running BootstrapCommand.initialize
lerna(debug)   Successfully ran BootstrapCommand.initialize
lerna(debug)   Attempting running BootstrapCommand.execute
lerna(info)    Bootstrapping 7 packages
lerna(info)    Installing external dependencies
lerna(error)   Errored while running BootstrapCommand.execute
    npm ERR! Darwin 14.5.0
    npm ERR! argv "/Users/ph185068/.nvm/versions/node/v6.2.2/bin/node" "/Users/ph185068/.nvm/versions/node/v6.2.2/bin/npm" "install" "@di/leapfrog-core-ie9@^0.0.1"
    npm ERR! node v6.2.2
    npm ERR! npm  v3.9.5
    npm ERR! code E404
    
    npm ERR! 404 Not found : @di/leapfrog-core-ie9
    npm ERR! 404 
    npm ERR! 404  '@di/leapfrog-core-ie9' is not in the npm registry.
    npm ERR! 404 You should bug the author to publish it (or use the name yourself!)
    npm ERR! 404 
    npm ERR! 404 Note that you can also install from a
    npm ERR! 404 tarball, folder, http url, or git url.
    
    npm ERR! Please include the following file with any support request:
    npm ERR!     /Users/ph185068/projects/di/leapfrog/leapfrog-ui/packages/leapfrog-core/npm-debug.log
    
